<?xml version="1.0" encoding="UTF-8"?>
<testsuite hostname="sh-shenyue" name="com.godmonth.util.StringConverterTest" tests="3" failures="0" timestamp="17 Mar 2011 09:20:18 GMT" time="0.375" errors="0">
  <testcase name="testDbColumn2BeanProperty" time="0.015" classname="com.godmonth.util.StringConverterTest"/>
  <testcase name="testRunNoSleep" time="0.235" classname="com.godmonth.util.thread.EndlessTaskTest"/>
  <testcase name="testRunSleep10" time="0.109" classname="com.godmonth.util.thread.EndlessTaskTest"/>
</testsuite>
