<testng-results>
  <reporter-output>
  </reporter-output>
  <suite name="Command line suite" duration-ms="375" started-at="2011-03-17T17:20:18Z" finished-at="2011-03-17T17:20:18Z">
    <groups>
    </groups>
    <test name="Command line test" duration-ms="375" started-at="2011-03-17T17:20:18Z" finished-at="2011-03-17T17:20:18Z">
      <class name="com.godmonth.util.StringConverterTest">
        <test-method status="PASS" signature="testDbColumn2BeanProperty()" name="testDbColumn2BeanProperty" duration-ms="15" started-at="2011-03-17T17:20:18Z" finished-at="2011-03-17T17:20:18Z">
        </test-method>
      </class>
      <class name="com.godmonth.util.thread.EndlessTaskTest">
        <test-method status="PASS" signature="testRunNoSleep()" name="testRunNoSleep" duration-ms="235" started-at="2011-03-17T17:20:18Z" finished-at="2011-03-17T17:20:18Z">
        </test-method>
        <test-method status="PASS" signature="testRunSleep10()" name="testRunSleep10" duration-ms="109" started-at="2011-03-17T17:20:18Z" finished-at="2011-03-17T17:20:18Z">
        </test-method>
      </class>
    </test>
  </suite>
</testng-results>
